  
  select * from ds_vacuum_activity_reset();
 ds_vacuum_activity_reset 
--------------------------
 
(1 row)

  select * from ds_vacuum_activity;
 seq | logged_at | datname | schemaname | relname | relid | heap_pages | pages_removed | pages_remain | pages_scanned | tuples_removed | tuples_remain | user_cpu | sys_cpu | elapsed | is_aggressive | is_automatic | message 
-----+-----------+---------+------------+---------+-------+------------+---------------+--------------+---------------+----------------+---------------+----------+---------+---------+---------------+--------------+---------
(0 rows)

  
  DO $$                                                                                                                                                                                                                                                                                                                                                         
  BEGIN                                                                                                                                                                                                                                                                                                                                                       
      RAISE LOG 'automatic vacuum of table "re"';
  END;
  $$;
  select * from ds_vacuum_activity;
 seq | logged_at | datname | schemaname | relname | relid | heap_pages | pages_removed | pages_remain | pages_scanned | tuples_removed | tuples_remain | user_cpu | sys_cpu | elapsed | is_aggressive | is_automatic | message 
-----+-----------+---------+------------+---------+-------+------------+---------------+--------------+---------------+----------------+---------------+----------+---------+---------+---------------+--------------+---------
(0 rows)

  select * from ds_analyze_activity_reset();
 ds_analyze_activity_reset 
---------------------------
 
(1 row)

  select * from ds_analyze_activity;
 seq | logged_at | datname | schemaname | relname | relid | sample_blks_total | ext_stats_total | child_tables_total | user_cpu | sys_cpu | elapsed | is_automatic | message 
-----+-----------+---------+------------+---------+-------+-------------------+-----------------+--------------------+----------+---------+---------+--------------+---------
(0 rows)

  DO $$
  BEGIN
      RAISE LOG 'automatic analyze of table "re"';
  END;
  $$;
  select * from ds_analyze_activity;
 seq | logged_at | datname | schemaname | relname | relid | sample_blks_total | ext_stats_total | child_tables_total | user_cpu | sys_cpu | elapsed | is_automatic | message 
-----+-----------+---------+------------+---------+-------+-------------------+-----------------+--------------------+----------+---------+---------+--------------+---------
(0 rows)

