SET work_mem = '1MB';
select ds_tempfile_activity_reset();
 ds_tempfile_activity_reset 
----------------------------
 
(1 row)

\o /dev/null
SELECT max(val)
FROM (
    SELECT md5(random()::text) AS val
    FROM generate_series(1, 300000) ORDER BY val
) t
;
\o
SELECT
    count(seq IS NOT NULL) AS has_seq,
    count(logged_at     IS NOT NULL) AS has_logged_at,
    count(datname       IS NOT NULL) AS has_datname,
    count(username    IS NOT NULL) AS has_username,
    count(pid       IS NOT NULL) AS has_pid,
    count(bytes         IS NOT NULL) AS has_bytes,
    count(message       IS NOT NULL) AS has_message
FROM ds_tempfile_activity where datname = current_database() and username = current_user;
 has_seq | has_logged_at | has_datname | has_username | has_pid | has_bytes | has_message 
---------+---------------+-------------+--------------+---------+-----------+-------------
       2 |             2 |           2 |            2 |       2 |         2 |           2
(1 row)

select ds_tempfile_activity_reset();
 ds_tempfile_activity_reset 
----------------------------
 
(1 row)

select * from ds_tempfile_activity;
 seq | logged_at | datname | username | pid | bytes | message 
-----+-----------+---------+----------+-----+-------+---------
(0 rows)

