-- Setup: extension already created by init.sql
SELECT ds_vacuum_activity_reset();
 ds_vacuum_activity_reset 
--------------------------
 
(1 row)

SELECT ds_analyze_activity_reset();
 ds_analyze_activity_reset 
---------------------------
 
(1 row)

SET pg_datasentinel.maintenance_force_verbose = on;
-- Test 1: Default (ignore_system_schemas = on) - pg_catalog entries must be filtered out.
SHOW pg_datasentinel.ignore_system_schemas;
 pg_datasentinel.ignore_system_schemas 
---------------------------------------
 on
(1 row)

ANALYZE VERBOSE pg_catalog.pg_publication;
INFO:  analyzing "pg_catalog.pg_publication"
INFO:  "pg_publication": scanned 0 of 0 pages, containing 0 live rows and 0 dead rows; 0 rows in sample, 0 estimated total rows
INFO:  finished analyzing table "contrib_regression.pg_catalog.pg_publication"
I/O timings: read: 0.000 ms, write: 0.000 ms
avg read rate: 0.000 MB/s, avg write rate: 0.000 MB/s
buffer usage: 246 hits, 0 reads, 0 dirtied
WAL usage: 0 records, 0 full page images, 0 bytes, 0 buffers full
system usage: CPU: user: 0.00 s, system: 0.00 s, elapsed: 0.00 s
SELECT count(*) AS pg_catalog_analyze_ignored
FROM ds_analyze_activity
WHERE schemaname = 'pg_catalog';
 pg_catalog_analyze_ignored 
----------------------------
                          0
(1 row)

SELECT ds_analyze_activity_reset();
 ds_analyze_activity_reset 
---------------------------
 
(1 row)

-- Test 2: With ignore_system_schemas = off, pg_catalog entries are captured.
SET pg_datasentinel.ignore_system_schemas = off;
ANALYZE VERBOSE pg_catalog.pg_publication;
INFO:  analyzing "pg_catalog.pg_publication"
INFO:  "pg_publication": scanned 0 of 0 pages, containing 0 live rows and 0 dead rows; 0 rows in sample, 0 estimated total rows
INFO:  finished analyzing table "contrib_regression.pg_catalog.pg_publication"
I/O timings: read: 0.000 ms, write: 0.000 ms
avg read rate: 0.000 MB/s, avg write rate: 0.000 MB/s
buffer usage: 11 hits, 0 reads, 0 dirtied
WAL usage: 0 records, 0 full page images, 0 bytes, 0 buffers full
system usage: CPU: user: 0.00 s, system: 0.00 s, elapsed: 0.00 s
SELECT count(*) AS pg_catalog_analyze_captured
FROM ds_analyze_activity
WHERE schemaname = 'pg_catalog' AND relname = 'pg_publication';
 pg_catalog_analyze_captured 
-----------------------------
                           1
(1 row)

-- Restore default.
SET pg_datasentinel.ignore_system_schemas = on;
