-- Setup
SELECT ds_analyze_activity_reset();
 ds_analyze_activity_reset 
---------------------------
 
(1 row)

CREATE TABLE test_mv (id int);
-- INSERT INTO test_mv SELECT generate_series(1, 5);
-- DELETE FROM test_mv;
-- Disable force_verbose so verbosity is controlled explicitly.
SET pg_datasentinel.maintenance_force_verbose = off;
-- Test 2: ANALYZE VERBOSE should be captured in ds_analyze_activity.
ANALYZE test_mv;
SELECT datname, schemaname, relname, message AS manual_analyze_captured
FROM ds_analyze_activity
WHERE message ~* 'test_mv';
 datname | schemaname | relname | manual_analyze_captured 
---------+------------+---------+-------------------------
(0 rows)

ANALYZE VERBOSE test_mv;
INFO:  analyzing "public.test_mv"
INFO:  "test_mv": scanned 0 of 0 pages, containing 0 live rows and 0 dead rows; 0 rows in sample, 0 estimated total rows
SELECT datname, schemaname, relname, message AS manual_analyze_captured
FROM ds_analyze_activity
WHERE message ~* 'test_mv';
      datname       | schemaname | relname |                                              manual_analyze_captured                                              
--------------------+------------+---------+-------------------------------------------------------------------------------------------------------------------
 contrib_regression | public     | test_mv | "test_mv": scanned 0 of 0 pages, containing 0 live rows and 0 dead rows; 0 rows in sample, 0 estimated total rows
(1 row)

SELECT ds_analyze_activity_reset();
 ds_analyze_activity_reset 
---------------------------
 
(1 row)

-- Test 4: With maintenance_force_verbose = on, plain ANALYZE is captured.
SET pg_datasentinel.maintenance_force_verbose = on;
-- Test 2: ANALYZE VERBOSE should be captured in ds_analyze_activity.
ANALYZE test_mv;
INFO:  analyzing "public.test_mv"
INFO:  "test_mv": scanned 0 of 0 pages, containing 0 live rows and 0 dead rows; 0 rows in sample, 0 estimated total rows
SELECT datname, schemaname, relname, message AS manual_analyze_captured
FROM ds_analyze_activity
WHERE message ~* 'test_mv';
      datname       | schemaname | relname |                                              manual_analyze_captured                                              
--------------------+------------+---------+-------------------------------------------------------------------------------------------------------------------
 contrib_regression | public     | test_mv | "test_mv": scanned 0 of 0 pages, containing 0 live rows and 0 dead rows; 0 rows in sample, 0 estimated total rows
(1 row)

SELECT ds_analyze_activity_reset();
 ds_analyze_activity_reset 
---------------------------
 
(1 row)

ANALYZE VERBOSE test_mv;
INFO:  analyzing "public.test_mv"
INFO:  "test_mv": scanned 0 of 0 pages, containing 0 live rows and 0 dead rows; 0 rows in sample, 0 estimated total rows
SELECT datname, schemaname, relname, message AS manual_analyze_captured
FROM ds_analyze_activity
WHERE message ~* 'test_mv';
      datname       | schemaname | relname |                                              manual_analyze_captured                                              
--------------------+------------+---------+-------------------------------------------------------------------------------------------------------------------
 contrib_regression | public     | test_mv | "test_mv": scanned 0 of 0 pages, containing 0 live rows and 0 dead rows; 0 rows in sample, 0 estimated total rows
(1 row)

DROP TABLE test_mv;
