-- Setup
SELECT ds_analyze_activity_reset();
 ds_analyze_activity_reset 
---------------------------
 
(1 row)

CREATE TABLE test_mv (id int);
-- Disable force_verbose so verbosity is controlled explicitly.
SET pg_datasentinel.maintenance_force_verbose = off;                                                                                                                                                                                                                                                                                                        
-- Test 1: only ANALYZE VERBOSE should be captured in ds_autoanalyze_activity.
ANALYZE test_mv;
SELECT datname, schemaname, relname, message AS manual_analyze_captured
FROM ds_analyze_activity
WHERE message ~* 'test_mv';
 datname | schemaname | relname | manual_analyze_captured 
---------+------------+---------+-------------------------
(0 rows)

ANALYZE VERBOSE test_mv;
INFO:  analyzing "public.test_mv"
INFO:  "test_mv": scanned 0 of 0 pages, containing 0 live rows and 0 dead rows; 0 rows in sample, 0 estimated total rows
INFO:  finished analyzing table "contrib_regression.public.test_mv"
I/O timings: read: 0.000 ms, write: 0.000 ms
avg read rate: 0.000 MB/s, avg write rate: 0.000 MB/s
buffer usage: 6 hits, 0 reads, 0 dirtied
WAL usage: 0 records, 0 full page images, 0 bytes, 0 buffers full
system usage: CPU: user: 0.00 s, system: 0.00 s, elapsed: 0.00 s
SELECT datname, schemaname, relname, message AS manual_analyze_captured
FROM ds_analyze_activity
WHERE message ~* 'test_mv';
      datname       | schemaname | relname |                                              manual_analyze_captured                                              
--------------------+------------+---------+-------------------------------------------------------------------------------------------------------------------
 contrib_regression | public     | test_mv | "test_mv": scanned 0 of 0 pages, containing 0 live rows and 0 dead rows; 0 rows in sample, 0 estimated total rows
(1 row)

SELECT ds_analyze_activity_reset();
 ds_analyze_activity_reset 
---------------------------
 
(1 row)

SET pg_datasentinel.maintenance_force_verbose = on;
-- Test 2: ANALYZE VERBOSE should be captured in ds_analyze_activity.
ANALYZE test_mv;
INFO:  analyzing "public.test_mv"
INFO:  "test_mv": scanned 0 of 0 pages, containing 0 live rows and 0 dead rows; 0 rows in sample, 0 estimated total rows
INFO:  finished analyzing table "contrib_regression.public.test_mv"
I/O timings: read: 0.000 ms, write: 0.000 ms
avg read rate: 0.000 MB/s, avg write rate: 0.000 MB/s
buffer usage: 5 hits, 0 reads, 0 dirtied
WAL usage: 0 records, 0 full page images, 0 bytes, 0 buffers full
system usage: CPU: user: 0.00 s, system: 0.00 s, elapsed: 0.00 s
SELECT datname, schemaname, relname, message AS manual_analyze_captured
FROM ds_analyze_activity
WHERE message ~* 'test_mv';
      datname       | schemaname | relname |                                              manual_analyze_captured                                              
--------------------+------------+---------+-------------------------------------------------------------------------------------------------------------------
 contrib_regression | public     | test_mv | "test_mv": scanned 0 of 0 pages, containing 0 live rows and 0 dead rows; 0 rows in sample, 0 estimated total rows
(1 row)

SELECT ds_analyze_activity_reset();
 ds_analyze_activity_reset 
---------------------------
 
(1 row)

ANALYZE VERBOSE test_mv;
INFO:  analyzing "public.test_mv"
INFO:  "test_mv": scanned 0 of 0 pages, containing 0 live rows and 0 dead rows; 0 rows in sample, 0 estimated total rows
INFO:  finished analyzing table "contrib_regression.public.test_mv"
I/O timings: read: 0.000 ms, write: 0.000 ms
avg read rate: 0.000 MB/s, avg write rate: 0.000 MB/s
buffer usage: 5 hits, 0 reads, 0 dirtied
WAL usage: 0 records, 0 full page images, 0 bytes, 0 buffers full
system usage: CPU: user: 0.00 s, system: 0.00 s, elapsed: 0.00 s
SELECT datname, schemaname, relname, message AS manual_analyze_captured
FROM ds_analyze_activity
WHERE message ~* 'test_mv';
      datname       | schemaname | relname |                                              manual_analyze_captured                                              
--------------------+------------+---------+-------------------------------------------------------------------------------------------------------------------
 contrib_regression | public     | test_mv | "test_mv": scanned 0 of 0 pages, containing 0 live rows and 0 dead rows; 0 rows in sample, 0 estimated total rows
(1 row)

