-- Wait for autovacuum to run.
SELECT pg_sleep(5);
 pg_sleep 
----------
 
(1 row)

-- Verify the view is queryable and returns the expected columns.
SELECT
    count(seq IS NOT NULL) AS has_seq,
    count(logged_at     IS NOT NULL) AS has_logged_at,
    count(datname       IS NOT NULL) AS has_datname,
    count(schemaname    IS NOT NULL) AS has_schemaname,
    count(relname       IS NOT NULL) AS has_relname,
    count(relid         IS NOT NULL) AS has_relid,
    count(aggressive    IS NOT NULL) AS has_aggressive,
    count(is_automatic     IS NOT NULL) AS has_is_automatic,
    count(message       IS NOT NULL) AS has_message
FROM ds_vacuum_activity where message ~* 'test_av';
 has_seq | has_logged_at | has_datname | has_schemaname | has_relname | has_relid | has_aggressive | has_is_automatic | has_message 
---------+---------------+-------------+----------------+-------------+-----------+----------------+------------------+-------------
       1 |             1 |           1 |              1 |           1 |         1 |              1 |                1 |           1
(1 row)

-- A normal autovacuum should not be flagged as aggressive
SELECT bool_and(aggressive = false) AS not_aggressive
FROM ds_vacuum_activity
WHERE message ~* 'test_av';
 not_aggressive 
----------------
 t
(1 row)

-- Autovacuum entries should be flagged as automatic
SELECT bool_and(is_automatic = true) AS all_automatic
FROM ds_vacuum_activity
WHERE message ~* 'test_av';
 all_automatic 
---------------
 t
(1 row)

select ds_vacuum_activity_reset();
 ds_vacuum_activity_reset 
--------------------------
 
(1 row)

select count(*) from ds_vacuum_activity where message ~* 'test_av';
 count 
-------
     0
(1 row)

